<?xml version="1.0" encoding="UTF-8" ?>
<testsuite tests="25" failures="0" name="edu.uw.cs.FlightServiceTest" time="81.377" errors="0" skipped="0">
  <properties>
    <property name="java.runtime.name" value="Java(TM) SE Runtime Environment"/>
    <property name="java.vm.version" value="11.0.2+9-LTS"/>
    <property name="sun.boot.library.path" value="/Library/Java/JavaVirtualMachines/jdk-11.0.2.jdk/Contents/Home/lib"/>
    <property name="gopherProxySet" value="false"/>
    <property name="maven.multiModuleProjectDirectory" value="/Users/jw/Desktop/cse344-lab1/lab1"/>
    <property name="java.vm.vendor" value="Oracle Corporation"/>
    <property name="java.vendor.url" value="http://java.oracle.com/"/>
    <property name="guice.disable.misplaced.annotation.check" value="true"/>
    <property name="path.separator" value=":"/>
    <property name="java.vm.name" value="Java HotSpot(TM) 64-Bit Server VM"/>
    <property name="sun.os.patch.level" value="unknown"/>
    <property name="user.country" value="CN"/>
    <property name="sun.java.launcher" value="SUN_STANDARD"/>
    <property name="java.vm.specification.name" value="Java Virtual Machine Specification"/>
    <property name="user.dir" value="/Users/jw/Desktop/cse344-lab1/lab1"/>
    <property name="java.vm.compressedOopsMode" value="Zero based"/>
    <property name="java.runtime.version" value="11.0.2+9-LTS"/>
    <property name="java.awt.graphicsenv" value="sun.awt.CGraphicsEnvironment"/>
    <property name="os.arch" value="x86_64"/>
    <property name="java.io.tmpdir" value="/var/folders/vj/ghb4jsc91hl0ct_lw58whcnw0000gn/T/"/>
    <property name="line.separator" value="
"/>
    <property name="java.vm.specification.vendor" value="Oracle Corporation"/>
    <property name="os.name" value="Mac OS X"/>
    <property name="classworlds.conf" value="/Applications/apache-maven-3.6.0/bin/m2.conf"/>
    <property name="sun.jnu.encoding" value="UTF-8"/>
    <property name="java.library.path" value="/Users/jw/Library/Java/Extensions:/Library/Java/Extensions:/Network/Library/Java/Extensions:/System/Library/Java/Extensions:/usr/lib/java:."/>
    <property name="maven.conf" value="/Applications/apache-maven-3.6.0/conf"/>
    <property name="jdk.debug" value="release"/>
    <property name="java.class.version" value="55.0"/>
    <property name="java.specification.name" value="Java Platform API Specification"/>
    <property name="sun.management.compiler" value="HotSpot 64-Bit Tiered Compilers"/>
    <property name="os.version" value="10.13.4"/>
    <property name="library.jansi.path" value="/Applications/apache-maven-3.6.0/lib/jansi-native"/>
    <property name="user.home" value="/Users/jw"/>
    <property name="user.timezone" value="America/Los_Angeles"/>
    <property name="java.awt.printerjob" value="sun.lwawt.macosx.CPrinterJob"/>
    <property name="file.encoding" value="UTF-8"/>
    <property name="java.specification.version" value="11"/>
    <property name="user.name" value="jw"/>
    <property name="java.class.path" value="/Applications/apache-maven-3.6.0/boot/plexus-classworlds-2.5.2.jar"/>
    <property name="java.vm.specification.version" value="11"/>
    <property name="sun.arch.data.model" value="64"/>
    <property name="sun.java.command" value="org.codehaus.plexus.classworlds.launcher.Launcher test"/>
    <property name="java.home" value="/Library/Java/JavaVirtualMachines/jdk-11.0.2.jdk/Contents/Home"/>
    <property name="user.language" value="en"/>
    <property name="java.specification.vendor" value="Oracle Corporation"/>
    <property name="awt.toolkit" value="sun.lwawt.macosx.LWCToolkit"/>
    <property name="java.vm.info" value="mixed mode"/>
    <property name="java.version" value="11.0.2"/>
    <property name="java.vendor" value="Oracle Corporation"/>
    <property name="maven.home" value="/Applications/apache-maven-3.6.0"/>
    <property name="file.separator" value="/"/>
    <property name="java.version.date" value="2019-01-15"/>
    <property name="java.vendor.url.bug" value="http://bugreport.java.com/bugreport/"/>
    <property name="sun.io.unicode.encoding" value="UnicodeBig"/>
    <property name="sun.cpu.endian" value="little"/>
    <property name="java.vendor.version" value="18.9"/>
    <property name="sun.cpu.isalist" value=""/>
  </properties>
  <testcase classname="edu.uw.cs.FlightServiceTest" name="runTest[0]" time="1.328"/>
  <testcase classname="edu.uw.cs.FlightServiceTest" name="runTest[1]" time="3.493"/>
  <testcase classname="edu.uw.cs.FlightServiceTest" name="runTest[2]" time="3.992"/>
  <testcase classname="edu.uw.cs.FlightServiceTest" name="runTest[3]" time="11.164"/>
  <testcase classname="edu.uw.cs.FlightServiceTest" name="runTest[4]" time="0.708"/>
  <testcase classname="edu.uw.cs.FlightServiceTest" name="runTest[5]" time="4.367"/>
  <testcase classname="edu.uw.cs.FlightServiceTest" name="runTest[6]" time="0.609"/>
  <testcase classname="edu.uw.cs.FlightServiceTest" name="runTest[7]" time="0.64"/>
  <testcase classname="edu.uw.cs.FlightServiceTest" name="runTest[8]" time="3.608"/>
  <testcase classname="edu.uw.cs.FlightServiceTest" name="runTest[9]" time="4.268"/>
  <testcase classname="edu.uw.cs.FlightServiceTest" name="runTest[10]" time="4.078"/>
  <testcase classname="edu.uw.cs.FlightServiceTest" name="runTest[11]" time="4.075"/>
  <testcase classname="edu.uw.cs.FlightServiceTest" name="runTest[12]" time="3.981"/>
  <testcase classname="edu.uw.cs.FlightServiceTest" name="runTest[13]" time="0.753"/>
  <testcase classname="edu.uw.cs.FlightServiceTest" name="runTest[14]" time="4.04"/>
  <testcase classname="edu.uw.cs.FlightServiceTest" name="runTest[15]" time="4.099"/>
  <testcase classname="edu.uw.cs.FlightServiceTest" name="runTest[16]" time="4.135"/>
  <testcase classname="edu.uw.cs.FlightServiceTest" name="runTest[17]" time="0.64"/>
  <testcase classname="edu.uw.cs.FlightServiceTest" name="runTest[18]" time="0.489"/>
  <testcase classname="edu.uw.cs.FlightServiceTest" name="runTest[19]" time="3.95"/>
  <testcase classname="edu.uw.cs.FlightServiceTest" name="runTest[20]" time="4.199"/>
  <testcase classname="edu.uw.cs.FlightServiceTest" name="runTest[21]" time="3.929"/>
  <testcase classname="edu.uw.cs.FlightServiceTest" name="runTest[22]" time="0.637"/>
  <testcase classname="edu.uw.cs.FlightServiceTest" name="runTest[23]" time="4.494"/>
  <testcase classname="edu.uw.cs.FlightServiceTest" name="runTest[24]" time="3.701"/>
</testsuite>